{"/Users/leon/code/github/ei/lib/ActionCreator.js":{"path":"/Users/leon/code/github/ei/lib/ActionCreator.js","s":{"1":1,"2":1,"3":1,"4":1,"5":1,"6":2,"7":2,"8":2,"9":3,"10":3,"11":3,"12":1,"13":3,"14":0,"15":3,"16":1,"17":1},"b":{"1":[1,1],"2":[0,3],"3":[1,1]},"f":{"1":3,"2":2,"3":3,"4":1},"fnMap":{"1":{"name":"createFactory","line":25,"loc":{"start":{"line":25,"column":0},"end":{"line":25,"column":38}}},"2":{"name":"ActionCreator","line":27,"loc":{"start":{"line":27,"column":4},"end":{"line":27,"column":36}}},"3":{"name":"(anonymous_3)","line":56,"loc":{"start":{"line":56,"column":17},"end":{"line":56,"column":42}}},"4":{"name":"(anonymous_4)","line":72,"loc":{"start":{"line":72,"column":13},"end":{"line":72,"column":31}}}},"statementMap":{"1":{"start":{"line":9,"column":0},"end":{"line":9,"column":30}},"2":{"start":{"line":11,"column":0},"end":{"line":11,"column":34}},"3":{"start":{"line":12,"column":0},"end":{"line":12,"column":29}},"4":{"start":{"line":25,"column":0},"end":{"line":44,"column":1}},"5":{"start":{"line":27,"column":4},"end":{"line":35,"column":5}},"6":{"start":{"line":29,"column":8},"end":{"line":29,"column":81}},"7":{"start":{"line":31,"column":8},"end":{"line":31,"column":27}},"8":{"start":{"line":33,"column":8},"end":{"line":33,"column":22}},"9":{"start":{"line":38,"column":4},"end":{"line":38,"column":44}},"10":{"start":{"line":40,"column":4},"end":{"line":40,"column":30}},"11":{"start":{"line":42,"column":4},"end":{"line":42,"column":25}},"12":{"start":{"line":56,"column":0},"end":{"line":64,"column":2}},"13":{"start":{"line":58,"column":4},"end":{"line":60,"column":5}},"14":{"start":{"line":59,"column":8},"end":{"line":59,"column":59}},"15":{"start":{"line":63,"column":4},"end":{"line":63,"column":40}},"16":{"start":{"line":72,"column":0},"end":{"line":74,"column":2}},"17":{"start":{"line":73,"column":4},"end":{"line":73,"column":56}}},"branchMap":{"1":{"line":29,"type":"cond-expr","locations":[{"start":{"line":29,"column":45},"end":{"line":29,"column":75}},{"start":{"line":29,"column":78},"end":{"line":29,"column":80}}]},"2":{"line":58,"type":"if","locations":[{"start":{"line":58,"column":4},"end":{"line":58,"column":4}},{"start":{"line":58,"column":4},"end":{"line":58,"column":4}}]},"3":{"line":73,"type":"binary-expr","locations":[{"start":{"line":73,"column":11},"end":{"line":73,"column":17}},{"start":{"line":73,"column":21},"end":{"line":73,"column":55}}]}}},"/Users/leon/code/github/ei/lib/App.js":{"path":"/Users/leon/code/github/ei/lib/App.js","s":{"1":1,"2":1,"3":1,"4":1,"5":1,"6":1,"7":1,"8":1,"9":1,"10":9,"11":8,"12":7,"13":7,"14":1,"15":0,"16":0,"17":0,"18":0,"19":0,"20":0,"21":0,"22":0,"23":0,"24":0,"25":1,"26":0,"27":0,"28":0,"29":0,"30":0,"31":0,"32":0,"33":0,"34":1,"35":4,"36":4,"37":4,"38":1,"39":3,"40":3,"41":3,"42":3,"43":3,"44":1,"45":1,"46":2,"47":2,"48":2,"49":1,"50":1,"51":1,"52":1,"53":1,"54":1,"55":1,"56":1,"57":5,"58":5,"59":1,"60":1,"61":4,"62":1,"63":4,"64":4,"65":4,"66":4,"67":4,"68":4,"69":4,"70":4,"71":4,"72":4,"73":1,"74":0,"75":0,"76":0,"77":0,"78":1,"79":6,"80":6,"81":6,"82":4,"83":2,"84":6,"85":1},"b":{"1":[0,0],"2":[0,0],"3":[1,3],"4":[1,2],"5":[3,3],"6":[1,4],"7":[5,1],"8":[4,0],"9":[4,0],"10":[4,2]},"f":{"1":9,"2":0,"3":0,"4":0,"5":0,"6":4,"7":3,"8":3,"9":1,"10":1,"11":5,"12":4,"13":0,"14":0,"15":0,"16":6},"fnMap":{"1":{"name":"App","line":23,"loc":{"start":{"line":23,"column":0},"end":{"line":23,"column":22}}},"2":{"name":"(anonymous_2)","line":55,"loc":{"start":{"line":55,"column":26},"end":{"line":55,"column":50}}},"3":{"name":"(anonymous_3)","line":84,"loc":{"start":{"line":84,"column":18},"end":{"line":84,"column":34}}},"4":{"name":"(anonymous_4)","line":109,"loc":{"start":{"line":109,"column":34},"end":{"line":109,"column":57}}},"5":{"name":"(anonymous_5)","line":121,"loc":{"start":{"line":121,"column":14},"end":{"line":121,"column":32}}},"6":{"name":"(anonymous_6)","line":165,"loc":{"start":{"line":165,"column":24},"end":{"line":165,"column":43}}},"7":{"name":"(anonymous_7)","line":188,"loc":{"start":{"line":188,"column":14},"end":{"line":188,"column":30}}},"8":{"name":"(anonymous_8)","line":200,"loc":{"start":{"line":200,"column":14},"end":{"line":200,"column":31}}},"9":{"name":"(anonymous_9)","line":242,"loc":{"start":{"line":242,"column":18},"end":{"line":242,"column":35}}},"10":{"name":"(anonymous_10)","line":258,"loc":{"start":{"line":258,"column":28},"end":{"line":258,"column":48}}},"11":{"name":"(anonymous_11)","line":276,"loc":{"start":{"line":276,"column":25},"end":{"line":276,"column":41}}},"12":{"name":"(anonymous_12)","line":303,"loc":{"start":{"line":303,"column":36},"end":{"line":303,"column":56}}},"13":{"name":"(anonymous_13)","line":339,"loc":{"start":{"line":339,"column":36},"end":{"line":339,"column":56}}},"14":{"name":"(anonymous_14)","line":346,"loc":{"start":{"line":346,"column":23},"end":{"line":346,"column":50}}},"15":{"name":"(anonymous_15)","line":348,"loc":{"start":{"line":348,"column":35},"end":{"line":348,"column":51}}},"16":{"name":"(anonymous_16)","line":369,"loc":{"start":{"line":369,"column":22},"end":{"line":369,"column":41}}}},"statementMap":{"1":{"start":{"line":6,"column":0},"end":{"line":6,"column":45}},"2":{"start":{"line":7,"column":0},"end":{"line":7,"column":30}},"3":{"start":{"line":9,"column":0},"end":{"line":9,"column":44}},"4":{"start":{"line":10,"column":0},"end":{"line":10,"column":35}},"5":{"start":{"line":11,"column":0},"end":{"line":11,"column":33}},"6":{"start":{"line":12,"column":0},"end":{"line":12,"column":33}},"7":{"start":{"line":13,"column":0},"end":{"line":13,"column":27}},"8":{"start":{"line":14,"column":0},"end":{"line":14,"column":27}},"9":{"start":{"line":23,"column":0},"end":{"line":37,"column":1}},"10":{"start":{"line":25,"column":4},"end":{"line":25,"column":43}},"11":{"start":{"line":26,"column":4},"end":{"line":26,"column":49}},"12":{"start":{"line":28,"column":4},"end":{"line":28,"column":28}},"13":{"start":{"line":35,"column":4},"end":{"line":35,"column":42}},"14":{"start":{"line":55,"column":0},"end":{"line":98,"column":2}},"15":{"start":{"line":57,"column":4},"end":{"line":57,"column":67}},"16":{"start":{"line":62,"column":4},"end":{"line":62,"column":33}},"17":{"start":{"line":65,"column":4},"end":{"line":65,"column":73}},"18":{"start":{"line":67,"column":4},"end":{"line":67,"column":18}},"19":{"start":{"line":69,"column":4},"end":{"line":69,"column":43}},"20":{"start":{"line":70,"column":4},"end":{"line":70,"column":36}},"21":{"start":{"line":72,"column":4},"end":{"line":96,"column":15}},"22":{"start":{"line":87,"column":16},"end":{"line":87,"column":60}},"23":{"start":{"line":89,"column":16},"end":{"line":89,"column":62}},"24":{"start":{"line":94,"column":16},"end":{"line":94,"column":41}},"25":{"start":{"line":109,"column":0},"end":{"line":145,"column":2}},"26":{"start":{"line":111,"column":4},"end":{"line":114,"column":6}},"27":{"start":{"line":116,"column":4},"end":{"line":116,"column":18}},"28":{"start":{"line":119,"column":4},"end":{"line":143,"column":11}},"29":{"start":{"line":129,"column":12},"end":{"line":131,"column":13}},"30":{"start":{"line":130,"column":16},"end":{"line":130,"column":34}},"31":{"start":{"line":134,"column":12},"end":{"line":134,"column":45}},"32":{"start":{"line":136,"column":12},"end":{"line":136,"column":58}},"33":{"start":{"line":141,"column":12},"end":{"line":141,"column":51}},"34":{"start":{"line":165,"column":0},"end":{"line":247,"column":2}},"35":{"start":{"line":170,"column":4},"end":{"line":170,"column":31}},"36":{"start":{"line":172,"column":4},"end":{"line":172,"column":36}},"37":{"start":{"line":174,"column":4},"end":{"line":178,"column":5}},"38":{"start":{"line":175,"column":8},"end":{"line":177,"column":11}},"39":{"start":{"line":180,"column":4},"end":{"line":180,"column":13}},"40":{"start":{"line":182,"column":4},"end":{"line":245,"column":11}},"41":{"start":{"line":194,"column":12},"end":{"line":194,"column":30}},"42":{"start":{"line":195,"column":12},"end":{"line":195,"column":49}},"43":{"start":{"line":204,"column":12},"end":{"line":216,"column":13}},"44":{"start":{"line":209,"column":16},"end":{"line":209,"column":52}},"45":{"start":{"line":211,"column":16},"end":{"line":214,"column":18}},"46":{"start":{"line":221,"column":12},"end":{"line":221,"column":48}},"47":{"start":{"line":226,"column":12},"end":{"line":226,"column":46}},"48":{"start":{"line":229,"column":12},"end":{"line":229,"column":29}},"49":{"start":{"line":234,"column":12},"end":{"line":234,"column":54}},"50":{"start":{"line":236,"column":12},"end":{"line":239,"column":14}},"51":{"start":{"line":243,"column":12},"end":{"line":243,"column":52}},"52":{"start":{"line":244,"column":12},"end":{"line":244,"column":24}},"53":{"start":{"line":258,"column":0},"end":{"line":261,"column":2}},"54":{"start":{"line":259,"column":4},"end":{"line":259,"column":29}},"55":{"start":{"line":260,"column":4},"end":{"line":260,"column":16}},"56":{"start":{"line":276,"column":0},"end":{"line":292,"column":2}},"57":{"start":{"line":278,"column":4},"end":{"line":278,"column":25}},"58":{"start":{"line":280,"column":4},"end":{"line":288,"column":5}},"59":{"start":{"line":285,"column":8},"end":{"line":285,"column":39}},"60":{"start":{"line":287,"column":8},"end":{"line":287,"column":43}},"61":{"start":{"line":290,"column":4},"end":{"line":290,"column":90}},"62":{"start":{"line":303,"column":0},"end":{"line":328,"column":2}},"63":{"start":{"line":308,"column":4},"end":{"line":308,"column":53}},"64":{"start":{"line":310,"column":4},"end":{"line":310,"column":33}},"65":{"start":{"line":312,"column":4},"end":{"line":312,"column":67}},"66":{"start":{"line":314,"column":4},"end":{"line":314,"column":41}},"67":{"start":{"line":316,"column":4},"end":{"line":316,"column":29}},"68":{"start":{"line":318,"column":4},"end":{"line":318,"column":25}},"69":{"start":{"line":320,"column":4},"end":{"line":322,"column":5}},"70":{"start":{"line":321,"column":8},"end":{"line":321,"column":30}},"71":{"start":{"line":324,"column":4},"end":{"line":324,"column":26}},"72":{"start":{"line":326,"column":4},"end":{"line":326,"column":33}},"73":{"start":{"line":339,"column":0},"end":{"line":354,"column":2}},"74":{"start":{"line":344,"column":4},"end":{"line":344,"column":43}},"75":{"start":{"line":346,"column":4},"end":{"line":352,"column":7}},"76":{"start":{"line":348,"column":8},"end":{"line":350,"column":11}},"77":{"start":{"line":349,"column":12},"end":{"line":349,"column":26}},"78":{"start":{"line":369,"column":0},"end":{"line":396,"column":2}},"79":{"start":{"line":374,"column":4},"end":{"line":374,"column":29}},"80":{"start":{"line":376,"column":4},"end":{"line":376,"column":44}},"81":{"start":{"line":378,"column":4},"end":{"line":392,"column":5}},"82":{"start":{"line":383,"column":8},"end":{"line":383,"column":41}},"83":{"start":{"line":391,"column":8},"end":{"line":391,"column":40}},"84":{"start":{"line":394,"column":4},"end":{"line":394,"column":18}},"85":{"start":{"line":398,"column":0},"end":{"line":398,"column":21}}},"branchMap":{"1":{"line":72,"type":"cond-expr","locations":[{"start":{"line":74,"column":10},"end":{"line":76,"column":10}},{"start":{"line":78,"column":10},"end":{"line":96,"column":14}}]},"2":{"line":129,"type":"if","locations":[{"start":{"line":129,"column":12},"end":{"line":129,"column":12}},{"start":{"line":129,"column":12},"end":{"line":129,"column":12}}]},"3":{"line":174,"type":"if","locations":[{"start":{"line":174,"column":4},"end":{"line":174,"column":4}},{"start":{"line":174,"column":4},"end":{"line":174,"column":4}}]},"4":{"line":204,"type":"if","locations":[{"start":{"line":204,"column":12},"end":{"line":204,"column":12}},{"start":{"line":204,"column":12},"end":{"line":204,"column":12}}]},"5":{"line":204,"type":"binary-expr","locations":[{"start":{"line":204,"column":16},"end":{"line":204,"column":28}},{"start":{"line":204,"column":32},"end":{"line":204,"column":43}}]},"6":{"line":280,"type":"if","locations":[{"start":{"line":280,"column":4},"end":{"line":280,"column":4}},{"start":{"line":280,"column":4},"end":{"line":280,"column":4}}]},"7":{"line":280,"type":"binary-expr","locations":[{"start":{"line":280,"column":8},"end":{"line":280,"column":12}},{"start":{"line":280,"column":16},"end":{"line":280,"column":26}}]},"8":{"line":290,"type":"cond-expr","locations":[{"start":{"line":290,"column":26},"end":{"line":290,"column":56}},{"start":{"line":290,"column":59},"end":{"line":290,"column":89}}]},"9":{"line":320,"type":"if","locations":[{"start":{"line":320,"column":4},"end":{"line":320,"column":4}},{"start":{"line":320,"column":4},"end":{"line":320,"column":4}}]},"10":{"line":378,"type":"if","locations":[{"start":{"line":378,"column":4},"end":{"line":378,"column":4}},{"start":{"line":378,"column":4},"end":{"line":378,"column":4}}]}}},"/Users/leon/code/github/ei/lib/util/invariant.js":{"path":"/Users/leon/code/github/ei/lib/util/invariant.js","s":{"1":1,"2":91,"3":76,"4":15,"5":1,"6":14,"7":14,"8":14,"9":2,"10":14,"11":1},"b":{"1":[76,15],"2":[1,14]},"f":{"1":91,"2":2},"fnMap":{"1":{"name":"(anonymous_1)","line":33,"loc":{"start":{"line":33,"column":16},"end":{"line":33,"column":63}}},"2":{"name":"(anonymous_2)","line":51,"loc":{"start":{"line":51,"column":32},"end":{"line":51,"column":44}}}},"statementMap":{"1":{"start":{"line":33,"column":0},"end":{"line":57,"column":2}},"2":{"start":{"line":35,"column":4},"end":{"line":37,"column":5}},"3":{"start":{"line":36,"column":8},"end":{"line":36,"column":15}},"4":{"start":{"line":39,"column":4},"end":{"line":44,"column":5}},"5":{"start":{"line":40,"column":8},"end":{"line":43,"column":10}},"6":{"start":{"line":46,"column":4},"end":{"line":46,"column":34}},"7":{"start":{"line":47,"column":4},"end":{"line":47,"column":21}},"8":{"start":{"line":49,"column":4},"end":{"line":53,"column":11}},"9":{"start":{"line":52,"column":12},"end":{"line":52,"column":36}},"10":{"start":{"line":55,"column":4},"end":{"line":55,"column":29}},"11":{"start":{"line":61,"column":0},"end":{"line":61,"column":27}}},"branchMap":{"1":{"line":35,"type":"if","locations":[{"start":{"line":35,"column":4},"end":{"line":35,"column":4}},{"start":{"line":35,"column":4},"end":{"line":35,"column":4}}]},"2":{"line":39,"type":"if","locations":[{"start":{"line":39,"column":4},"end":{"line":39,"column":4}},{"start":{"line":39,"column":4},"end":{"line":39,"column":4}}]}}},"/Users/leon/code/github/ei/lib/locator.js":{"path":"/Users/leon/code/github/ei/lib/locator.js","s":{"1":1,"2":1,"3":1,"4":1,"5":1,"6":1,"7":2,"8":1,"9":2,"10":2,"11":1,"12":1,"13":3,"14":2,"15":2,"16":1,"17":1,"18":1,"19":1,"20":1,"21":1,"22":1,"23":1,"24":1},"b":{"1":[1,1]},"f":{"1":2,"2":2,"3":1,"4":3,"5":1},"fnMap":{"1":{"name":"isHistorySupported","line":23,"loc":{"start":{"line":23,"column":0},"end":{"line":23,"column":30}}},"2":{"name":"(anonymous_2)","line":36,"loc":{"start":{"line":36,"column":11},"end":{"line":36,"column":23}}},"3":{"name":"(anonymous_3)","line":52,"loc":{"start":{"line":52,"column":10},"end":{"line":52,"column":22}}},"4":{"name":"(anonymous_4)","line":70,"loc":{"start":{"line":70,"column":14},"end":{"line":70,"column":37}}},"5":{"name":"onHistoryChange","line":105,"loc":{"start":{"line":105,"column":0},"end":{"line":105,"column":28}}}},"statementMap":{"1":{"start":{"line":11,"column":0},"end":{"line":11,"column":33}},"2":{"start":{"line":12,"column":0},"end":{"line":12,"column":27}},"3":{"start":{"line":13,"column":0},"end":{"line":13,"column":35}},"4":{"start":{"line":14,"column":0},"end":{"line":14,"column":44}},"5":{"start":{"line":15,"column":0},"end":{"line":15,"column":27}},"6":{"start":{"line":23,"column":0},"end":{"line":25,"column":1}},"7":{"start":{"line":24,"column":4},"end":{"line":24,"column":28}},"8":{"start":{"line":27,"column":0},"end":{"line":96,"column":2}},"9":{"start":{"line":38,"column":8},"end":{"line":38,"column":44}},"10":{"start":{"line":40,"column":8},"end":{"line":40,"column":20}},"11":{"start":{"line":54,"column":8},"end":{"line":54,"column":33}},"12":{"start":{"line":56,"column":8},"end":{"line":56,"column":20}},"13":{"start":{"line":72,"column":8},"end":{"line":72,"column":65}},"14":{"start":{"line":74,"column":8},"end":{"line":74,"column":43}},"15":{"start":{"line":76,"column":8},"end":{"line":90,"column":9}},"16":{"start":{"line":78,"column":12},"end":{"line":78,"column":44}},"17":{"start":{"line":80,"column":12},"end":{"line":84,"column":14}},"18":{"start":{"line":86,"column":12},"end":{"line":86,"column":47}},"19":{"start":{"line":88,"column":12},"end":{"line":88,"column":24}},"20":{"start":{"line":92,"column":8},"end":{"line":92,"column":21}},"21":{"start":{"line":105,"column":0},"end":{"line":111,"column":1}},"22":{"start":{"line":107,"column":4},"end":{"line":107,"column":39}},"23":{"start":{"line":109,"column":4},"end":{"line":109,"column":50}},"24":{"start":{"line":113,"column":0},"end":{"line":113,"column":41}}},"branchMap":{"1":{"line":76,"type":"if","locations":[{"start":{"line":76,"column":8},"end":{"line":76,"column":8}},{"start":{"line":76,"column":8},"end":{"line":76,"column":8}}]}}},"/Users/leon/code/github/ei/lib/events.js":{"path":"/Users/leon/code/github/ei/lib/events.js","s":{"1":1,"2":1,"3":1},"b":{},"f":{},"fnMap":{},"statementMap":{"1":{"start":{"line":7,"column":0},"end":{"line":7,"column":35}},"2":{"start":{"line":9,"column":0},"end":{"line":9,"column":16}},"3":{"start":{"line":11,"column":0},"end":{"line":11,"column":40}}},"branchMap":{}},"/Users/leon/code/github/ei/lib/Emitter.js":{"path":"/Users/leon/code/github/ei/lib/Emitter.js","s":{"1":1,"2":1,"3":1,"4":1,"5":1,"6":14,"7":14,"8":9,"9":14,"10":14,"11":10,"12":14,"13":14,"14":7,"15":7,"16":1,"17":6,"18":1,"19":5,"20":5,"21":1,"22":4,"23":1,"24":1,"25":1,"26":3,"27":3,"28":2,"29":2,"30":1,"31":1,"32":1,"33":1,"34":1,"35":1,"36":1,"37":44,"38":44,"39":34,"40":10,"41":10,"42":2,"43":8,"44":8,"45":9,"46":8,"47":8,"48":1,"49":1,"50":1,"51":1,"52":2,"53":2,"54":2,"55":1,"56":1,"57":1,"58":1,"59":4,"60":1,"61":4,"62":1},"b":{"1":[9,5],"2":[10,4],"3":[1,6],"4":[1,5],"5":[1,4],"6":[5,4],"7":[1,3],"8":[2,1],"9":[34,10],"10":[10,1],"11":[10,9],"12":[2,8],"13":[1,0],"14":[2,0],"15":[1,3]},"f":{"1":8,"2":14,"3":7,"4":1,"5":1,"6":44,"7":1,"8":1,"9":4},"fnMap":{"1":{"name":"Emitter","line":16,"loc":{"start":{"line":16,"column":0},"end":{"line":16,"column":19}}},"2":{"name":"(anonymous_2)","line":30,"loc":{"start":{"line":30,"column":8},"end":{"line":30,"column":33}}},"3":{"name":"(anonymous_3)","line":57,"loc":{"start":{"line":57,"column":9},"end":{"line":57,"column":34}}},"4":{"name":"(anonymous_4)","line":101,"loc":{"start":{"line":101,"column":10},"end":{"line":101,"column":35}}},"5":{"name":"(anonymous_5)","line":105,"loc":{"start":{"line":105,"column":26},"end":{"line":105,"column":38}}},"6":{"name":"(anonymous_6)","line":125,"loc":{"start":{"line":125,"column":10},"end":{"line":125,"column":26}}},"7":{"name":"(anonymous_7)","line":163,"loc":{"start":{"line":163,"column":21},"end":{"line":163,"column":33}}},"8":{"name":"(anonymous_8)","line":173,"loc":{"start":{"line":173,"column":19},"end":{"line":173,"column":31}}},"9":{"name":"(anonymous_9)","line":208,"loc":{"start":{"line":208,"column":17},"end":{"line":208,"column":35}}}},"statementMap":{"1":{"start":{"line":6,"column":0},"end":{"line":6,"column":49}},"2":{"start":{"line":7,"column":0},"end":{"line":7,"column":45}},"3":{"start":{"line":9,"column":0},"end":{"line":9,"column":30}},"4":{"start":{"line":16,"column":0},"end":{"line":16,"column":21}},"5":{"start":{"line":20,"column":0},"end":{"line":194,"column":2}},"6":{"start":{"line":32,"column":8},"end":{"line":32,"column":52}},"7":{"start":{"line":34,"column":8},"end":{"line":36,"column":9}},"8":{"start":{"line":35,"column":12},"end":{"line":35,"column":57}},"9":{"start":{"line":38,"column":8},"end":{"line":38,"column":35}},"10":{"start":{"line":40,"column":8},"end":{"line":42,"column":9}},"11":{"start":{"line":41,"column":12},"end":{"line":41,"column":40}},"12":{"start":{"line":44,"column":8},"end":{"line":44,"column":32}},"13":{"start":{"line":46,"column":8},"end":{"line":46,"column":20}},"14":{"start":{"line":59,"column":8},"end":{"line":59,"column":52}},"15":{"start":{"line":61,"column":8},"end":{"line":63,"column":9}},"16":{"start":{"line":62,"column":12},"end":{"line":62,"column":24}},"17":{"start":{"line":65,"column":8},"end":{"line":67,"column":9}},"18":{"start":{"line":66,"column":12},"end":{"line":66,"column":40}},"19":{"start":{"line":69,"column":8},"end":{"line":69,"column":35}},"20":{"start":{"line":71,"column":8},"end":{"line":73,"column":9}},"21":{"start":{"line":72,"column":12},"end":{"line":72,"column":24}},"22":{"start":{"line":76,"column":8},"end":{"line":80,"column":9}},"23":{"start":{"line":77,"column":12},"end":{"line":77,"column":33}},"24":{"start":{"line":78,"column":12},"end":{"line":78,"column":28}},"25":{"start":{"line":79,"column":12},"end":{"line":79,"column":24}},"26":{"start":{"line":83,"column":8},"end":{"line":88,"column":9}},"27":{"start":{"line":84,"column":12},"end":{"line":87,"column":13}},"28":{"start":{"line":85,"column":16},"end":{"line":85,"column":39}},"29":{"start":{"line":86,"column":16},"end":{"line":86,"column":28}},"30":{"start":{"line":90,"column":8},"end":{"line":90,"column":20}},"31":{"start":{"line":103,"column":8},"end":{"line":103,"column":22}},"32":{"start":{"line":105,"column":8},"end":{"line":108,"column":10}},"33":{"start":{"line":106,"column":12},"end":{"line":106,"column":38}},"34":{"start":{"line":107,"column":12},"end":{"line":107,"column":48}},"35":{"start":{"line":110,"column":8},"end":{"line":110,"column":33}},"36":{"start":{"line":112,"column":8},"end":{"line":112,"column":20}},"37":{"start":{"line":127,"column":8},"end":{"line":127,"column":52}},"38":{"start":{"line":130,"column":8},"end":{"line":132,"column":9}},"39":{"start":{"line":131,"column":12},"end":{"line":131,"column":24}},"40":{"start":{"line":135,"column":8},"end":{"line":135,"column":69}},"41":{"start":{"line":138,"column":8},"end":{"line":140,"column":9}},"42":{"start":{"line":139,"column":12},"end":{"line":139,"column":24}},"43":{"start":{"line":142,"column":8},"end":{"line":142,"column":48}},"44":{"start":{"line":144,"column":8},"end":{"line":149,"column":9}},"45":{"start":{"line":145,"column":12},"end":{"line":148,"column":14}},"46":{"start":{"line":151,"column":8},"end":{"line":151,"column":48}},"47":{"start":{"line":153,"column":8},"end":{"line":153,"column":20}},"48":{"start":{"line":164,"column":8},"end":{"line":164,"column":48}},"49":{"start":{"line":175,"column":8},"end":{"line":175,"column":52}},"50":{"start":{"line":177,"column":8},"end":{"line":188,"column":9}},"51":{"start":{"line":179,"column":12},"end":{"line":184,"column":13}},"52":{"start":{"line":180,"column":16},"end":{"line":183,"column":17}},"53":{"start":{"line":181,"column":20},"end":{"line":181,"column":42}},"54":{"start":{"line":182,"column":20},"end":{"line":182,"column":38}},"55":{"start":{"line":186,"column":12},"end":{"line":186,"column":52}},"56":{"start":{"line":190,"column":8},"end":{"line":190,"column":20}},"57":{"start":{"line":196,"column":0},"end":{"line":196,"column":36}},"58":{"start":{"line":208,"column":0},"end":{"line":216,"column":2}},"59":{"start":{"line":210,"column":4},"end":{"line":212,"column":5}},"60":{"start":{"line":211,"column":8},"end":{"line":211,"column":34}},"61":{"start":{"line":214,"column":4},"end":{"line":214,"column":36}},"62":{"start":{"line":218,"column":0},"end":{"line":218,"column":25}}},"branchMap":{"1":{"line":34,"type":"if","locations":[{"start":{"line":34,"column":8},"end":{"line":34,"column":8}},{"start":{"line":34,"column":8},"end":{"line":34,"column":8}}]},"2":{"line":40,"type":"if","locations":[{"start":{"line":40,"column":8},"end":{"line":40,"column":8}},{"start":{"line":40,"column":8},"end":{"line":40,"column":8}}]},"3":{"line":61,"type":"if","locations":[{"start":{"line":61,"column":8},"end":{"line":61,"column":8}},{"start":{"line":61,"column":8},"end":{"line":61,"column":8}}]},"4":{"line":65,"type":"if","locations":[{"start":{"line":65,"column":8},"end":{"line":65,"column":8}},{"start":{"line":65,"column":8},"end":{"line":65,"column":8}}]},"5":{"line":71,"type":"if","locations":[{"start":{"line":71,"column":8},"end":{"line":71,"column":8}},{"start":{"line":71,"column":8},"end":{"line":71,"column":8}}]},"6":{"line":71,"type":"binary-expr","locations":[{"start":{"line":71,"column":12},"end":{"line":71,"column":22}},{"start":{"line":71,"column":26},"end":{"line":71,"column":43}}]},"7":{"line":76,"type":"if","locations":[{"start":{"line":76,"column":8},"end":{"line":76,"column":8}},{"start":{"line":76,"column":8},"end":{"line":76,"column":8}}]},"8":{"line":84,"type":"if","locations":[{"start":{"line":84,"column":12},"end":{"line":84,"column":12}},{"start":{"line":84,"column":12},"end":{"line":84,"column":12}}]},"9":{"line":130,"type":"if","locations":[{"start":{"line":130,"column":8},"end":{"line":130,"column":8}},{"start":{"line":130,"column":8},"end":{"line":130,"column":8}}]},"10":{"line":135,"type":"binary-expr","locations":[{"start":{"line":135,"column":34},"end":{"line":135,"column":44}},{"start":{"line":135,"column":48},"end":{"line":135,"column":50}}]},"11":{"line":135,"type":"binary-expr","locations":[{"start":{"line":135,"column":52},"end":{"line":135,"column":61}},{"start":{"line":135,"column":65},"end":{"line":135,"column":67}}]},"12":{"line":138,"type":"if","locations":[{"start":{"line":138,"column":8},"end":{"line":138,"column":8}},{"start":{"line":138,"column":8},"end":{"line":138,"column":8}}]},"13":{"line":177,"type":"if","locations":[{"start":{"line":177,"column":8},"end":{"line":177,"column":8}},{"start":{"line":177,"column":8},"end":{"line":177,"column":8}}]},"14":{"line":180,"type":"if","locations":[{"start":{"line":180,"column":16},"end":{"line":180,"column":16}},{"start":{"line":180,"column":16},"end":{"line":180,"column":16}}]},"15":{"line":210,"type":"if","locations":[{"start":{"line":210,"column":4},"end":{"line":210,"column":4}},{"start":{"line":210,"column":4},"end":{"line":210,"column":4}}]}}},"/Users/leon/code/github/ei/lib/env.js":{"path":"/Users/leon/code/github/ei/lib/env.js","s":{"1":1,"2":1,"3":1},"b":{"1":[1,1]},"f":{},"fnMap":{},"statementMap":{"1":{"start":{"line":8,"column":0},"end":{"line":17,"column":11}},"2":{"start":{"line":15,"column":4},"end":{"line":15,"column":117}},"3":{"start":{"line":27,"column":0},"end":{"line":27,"column":37}}},"branchMap":{"1":{"line":15,"type":"binary-expr","locations":[{"start":{"line":15,"column":23},"end":{"line":15,"column":50}},{"start":{"line":15,"column":54},"end":{"line":15,"column":116}}]}}},"/Users/leon/code/github/ei/lib/url.js":{"path":"/Users/leon/code/github/ei/lib/url.js","s":{"1":1,"2":1,"3":1,"4":7,"5":7,"6":1,"7":6,"8":12,"9":12,"10":12,"11":12,"12":11,"13":11,"14":1,"15":1,"16":12,"17":12,"18":2,"19":2,"20":1,"21":1,"22":9,"23":12,"24":1,"25":7,"26":7,"27":7,"28":7,"29":7,"30":7,"31":28,"32":28,"33":28,"34":13,"35":13,"36":7,"37":1,"38":7,"39":6,"40":7,"41":7,"42":1,"43":3,"44":4},"b":{"1":[1,6],"2":[11,1],"3":[2,1,9],"4":[7,0],"5":[13,15],"6":[1,6],"7":[6,1]},"f":{"1":7,"2":12,"3":7,"4":3,"5":4},"fnMap":{"1":{"name":"parseQuery","line":25,"loc":{"start":{"line":25,"column":0},"end":{"line":25,"column":28}}},"2":{"name":"(anonymous_2)","line":35,"loc":{"start":{"line":35,"column":8},"end":{"line":35,"column":32}}},"3":{"name":"(anonymous_3)","line":82,"loc":{"start":{"line":82,"column":16},"end":{"line":82,"column":31}}},"4":{"name":"(anonymous_4)","line":126,"loc":{"start":{"line":126,"column":18},"end":{"line":126,"column":41}}},"5":{"name":"(anonymous_5)","line":133,"loc":{"start":{"line":133,"column":12},"end":{"line":133,"column":33}}}},"statementMap":{"1":{"start":{"line":8,"column":0},"end":{"line":8,"column":30}},"2":{"start":{"line":10,"column":0},"end":{"line":23,"column":3}},"3":{"start":{"line":25,"column":0},"end":{"line":72,"column":1}},"4":{"start":{"line":27,"column":4},"end":{"line":27,"column":19}},"5":{"start":{"line":29,"column":4},"end":{"line":31,"column":5}},"6":{"start":{"line":30,"column":8},"end":{"line":30,"column":21}},"7":{"start":{"line":33,"column":4},"end":{"line":70,"column":6}},"8":{"start":{"line":37,"column":12},"end":{"line":37,"column":42}},"9":{"start":{"line":39,"column":12},"end":{"line":39,"column":21}},"10":{"start":{"line":40,"column":12},"end":{"line":40,"column":22}},"11":{"start":{"line":43,"column":12},"end":{"line":51,"column":13}},"12":{"start":{"line":44,"column":16},"end":{"line":44,"column":44}},"13":{"start":{"line":45,"column":16},"end":{"line":45,"column":46}},"14":{"start":{"line":49,"column":16},"end":{"line":49,"column":28}},"15":{"start":{"line":50,"column":16},"end":{"line":50,"column":27}},"16":{"start":{"line":54,"column":12},"end":{"line":54,"column":44}},"17":{"start":{"line":56,"column":12},"end":{"line":65,"column":13}},"18":{"start":{"line":58,"column":20},"end":{"line":58,"column":57}},"19":{"start":{"line":59,"column":20},"end":{"line":59,"column":26}},"20":{"start":{"line":61,"column":20},"end":{"line":61,"column":45}},"21":{"start":{"line":62,"column":20},"end":{"line":62,"column":26}},"22":{"start":{"line":64,"column":20},"end":{"line":64,"column":41}},"23":{"start":{"line":67,"column":12},"end":{"line":67,"column":26}},"24":{"start":{"line":82,"column":0},"end":{"line":117,"column":2}},"25":{"start":{"line":84,"column":4},"end":{"line":84,"column":20}},"26":{"start":{"line":86,"column":4},"end":{"line":86,"column":43}},"27":{"start":{"line":88,"column":4},"end":{"line":91,"column":5}},"28":{"start":{"line":89,"column":8},"end":{"line":89,"column":54}},"29":{"start":{"line":90,"column":8},"end":{"line":90,"column":43}},"30":{"start":{"line":93,"column":4},"end":{"line":103,"column":5}},"31":{"start":{"line":94,"column":8},"end":{"line":94,"column":28}},"32":{"start":{"line":96,"column":8},"end":{"line":96,"column":48}},"33":{"start":{"line":98,"column":8},"end":{"line":101,"column":9}},"34":{"start":{"line":99,"column":12},"end":{"line":99,"column":49}},"35":{"start":{"line":100,"column":12},"end":{"line":100,"column":38}},"36":{"start":{"line":105,"column":4},"end":{"line":107,"column":5}},"37":{"start":{"line":106,"column":8},"end":{"line":106,"column":44}},"38":{"start":{"line":109,"column":4},"end":{"line":111,"column":5}},"39":{"start":{"line":110,"column":8},"end":{"line":110,"column":26}},"40":{"start":{"line":113,"column":4},"end":{"line":113,"column":45}},"41":{"start":{"line":115,"column":4},"end":{"line":115,"column":18}},"42":{"start":{"line":126,"column":0},"end":{"line":138,"column":2}},"43":{"start":{"line":128,"column":4},"end":{"line":136,"column":20}},"44":{"start":{"line":134,"column":16},"end":{"line":134,"column":80}}},"branchMap":{"1":{"line":29,"type":"if","locations":[{"start":{"line":29,"column":4},"end":{"line":29,"column":4}},{"start":{"line":29,"column":4},"end":{"line":29,"column":4}}]},"2":{"line":43,"type":"if","locations":[{"start":{"line":43,"column":12},"end":{"line":43,"column":12}},{"start":{"line":43,"column":12},"end":{"line":43,"column":12}}]},"3":{"line":56,"type":"switch","locations":[{"start":{"line":57,"column":16},"end":{"line":59,"column":26}},{"start":{"line":60,"column":16},"end":{"line":62,"column":26}},{"start":{"line":63,"column":16},"end":{"line":64,"column":41}}]},"4":{"line":88,"type":"if","locations":[{"start":{"line":88,"column":4},"end":{"line":88,"column":4}},{"start":{"line":88,"column":4},"end":{"line":88,"column":4}}]},"5":{"line":98,"type":"if","locations":[{"start":{"line":98,"column":8},"end":{"line":98,"column":8}},{"start":{"line":98,"column":8},"end":{"line":98,"column":8}}]},"6":{"line":105,"type":"if","locations":[{"start":{"line":105,"column":4},"end":{"line":105,"column":4}},{"start":{"line":105,"column":4},"end":{"line":105,"column":4}}]},"7":{"line":109,"type":"if","locations":[{"start":{"line":109,"column":4},"end":{"line":109,"column":4}},{"start":{"line":109,"column":4},"end":{"line":109,"column":4}}]}}},"/Users/leon/code/github/ei/lib/Router.js":{"path":"/Users/leon/code/github/ei/lib/Router.js","s":{"1":1,"2":10,"3":1,"4":9,"5":9,"6":9,"7":6,"8":1,"9":1,"10":1,"11":1},"b":{"1":[10,2],"2":[6,3]},"f":{"1":10,"2":9,"3":1},"fnMap":{"1":{"name":"Router","line":13,"loc":{"start":{"line":13,"column":0},"end":{"line":13,"column":24}}},"2":{"name":"(anonymous_2)","line":25,"loc":{"start":{"line":25,"column":25},"end":{"line":25,"column":44}}},"3":{"name":"(anonymous_3)","line":45,"loc":{"start":{"line":45,"column":28},"end":{"line":45,"column":46}}}},"statementMap":{"1":{"start":{"line":13,"column":0},"end":{"line":17,"column":1}},"2":{"start":{"line":15,"column":4},"end":{"line":15,"column":31}},"3":{"start":{"line":25,"column":0},"end":{"line":37,"column":2}},"4":{"start":{"line":27,"column":4},"end":{"line":35,"column":5}},"5":{"start":{"line":29,"column":8},"end":{"line":29,"column":35}},"6":{"start":{"line":31,"column":8},"end":{"line":33,"column":9}},"7":{"start":{"line":32,"column":12},"end":{"line":32,"column":25}},"8":{"start":{"line":45,"column":0},"end":{"line":51,"column":2}},"9":{"start":{"line":47,"column":4},"end":{"line":47,"column":29}},"10":{"start":{"line":49,"column":4},"end":{"line":49,"column":16}},"11":{"start":{"line":53,"column":0},"end":{"line":53,"column":24}}},"branchMap":{"1":{"line":15,"type":"binary-expr","locations":[{"start":{"line":15,"column":18},"end":{"line":15,"column":24}},{"start":{"line":15,"column":28},"end":{"line":15,"column":30}}]},"2":{"line":31,"type":"if","locations":[{"start":{"line":31,"column":8},"end":{"line":31,"column":8}},{"start":{"line":31,"column":8},"end":{"line":31,"column":8}}]}}},"/Users/leon/code/github/ei/lib/Page.js":{"path":"/Users/leon/code/github/ei/lib/Page.js","s":{"1":1,"2":1,"3":1,"4":1,"5":1,"6":1,"7":1,"8":1,"9":6,"10":1,"11":2,"12":1,"13":2,"14":2,"15":2,"16":0,"17":0,"18":2,"19":2,"20":3,"21":3,"22":2,"23":3,"24":0,"25":0,"26":1,"27":9,"28":8,"29":7,"30":1,"31":6,"32":7,"33":7,"34":1},"b":{},"f":{"1":6,"2":2,"3":2,"4":2,"5":0,"6":2,"7":2,"8":3,"9":3,"10":0,"11":9,"12":6},"fnMap":{"1":{"name":"Page","line":25,"loc":{"start":{"line":25,"column":0},"end":{"line":25,"column":28}}},"2":{"name":"(anonymous_2)","line":58,"loc":{"start":{"line":58,"column":10},"end":{"line":58,"column":22}}},"3":{"name":"(anonymous_3)","line":76,"loc":{"start":{"line":76,"column":19},"end":{"line":76,"column":31}}},"4":{"name":"(anonymous_4)","line":85,"loc":{"start":{"line":85,"column":12},"end":{"line":85,"column":24}}},"5":{"name":"(anonymous_5)","line":103,"loc":{"start":{"line":103,"column":12},"end":{"line":103,"column":30}}},"6":{"name":"(anonymous_6)","line":117,"loc":{"start":{"line":117,"column":20},"end":{"line":117,"column":32}}},"7":{"name":"(anonymous_7)","line":130,"loc":{"start":{"line":130,"column":14},"end":{"line":130,"column":26}}},"8":{"name":"(anonymous_8)","line":147,"loc":{"start":{"line":147,"column":14},"end":{"line":147,"column":32}}},"9":{"name":"(anonymous_9)","line":178,"loc":{"start":{"line":178,"column":21},"end":{"line":178,"column":40}}},"10":{"name":"(anonymous_10)","line":187,"loc":{"start":{"line":187,"column":13},"end":{"line":187,"column":25}}},"11":{"name":"(anonymous_11)","line":207,"loc":{"start":{"line":207,"column":14},"end":{"line":207,"column":31}}},"12":{"name":"SubPage","line":215,"loc":{"start":{"line":215,"column":4},"end":{"line":215,"column":35}}}},"statementMap":{"1":{"start":{"line":9,"column":0},"end":{"line":9,"column":30}},"2":{"start":{"line":10,"column":0},"end":{"line":10,"column":29}},"3":{"start":{"line":12,"column":0},"end":{"line":12,"column":60}},"4":{"start":{"line":13,"column":0},"end":{"line":13,"column":35}},"5":{"start":{"line":14,"column":0},"end":{"line":14,"column":55}},"6":{"start":{"line":15,"column":0},"end":{"line":15,"column":44}},"7":{"start":{"line":17,"column":0},"end":{"line":17,"column":33}},"8":{"start":{"line":25,"column":0},"end":{"line":32,"column":1}},"9":{"start":{"line":27,"column":4},"end":{"line":30,"column":6}},"10":{"start":{"line":35,"column":0},"end":{"line":199,"column":2}},"11":{"start":{"line":60,"column":8},"end":{"line":63,"column":11}},"12":{"start":{"line":65,"column":8},"end":{"line":65,"column":20}},"13":{"start":{"line":78,"column":8},"end":{"line":78,"column":29}},"14":{"start":{"line":80,"column":8},"end":{"line":88,"column":10}},"15":{"start":{"line":86,"column":16},"end":{"line":86,"column":49}},"16":{"start":{"line":105,"column":8},"end":{"line":105,"column":51}},"17":{"start":{"line":107,"column":8},"end":{"line":107,"column":20}},"18":{"start":{"line":118,"column":8},"end":{"line":118,"column":58}},"19":{"start":{"line":131,"column":8},"end":{"line":131,"column":39}},"20":{"start":{"line":153,"column":8},"end":{"line":153,"column":45}},"21":{"start":{"line":155,"column":8},"end":{"line":155,"column":38}},"22":{"start":{"line":157,"column":8},"end":{"line":157,"column":22}},"23":{"start":{"line":179,"column":8},"end":{"line":179,"column":18}},"24":{"start":{"line":192,"column":8},"end":{"line":192,"column":36}},"25":{"start":{"line":196,"column":8},"end":{"line":196,"column":20}},"26":{"start":{"line":207,"column":0},"end":{"line":223,"column":2}},"27":{"start":{"line":209,"column":4},"end":{"line":209,"column":49}},"28":{"start":{"line":211,"column":4},"end":{"line":211,"column":58}},"29":{"start":{"line":213,"column":4},"end":{"line":213,"column":52}},"30":{"start":{"line":215,"column":4},"end":{"line":217,"column":5}},"31":{"start":{"line":216,"column":8},"end":{"line":216,"column":38}},"32":{"start":{"line":219,"column":4},"end":{"line":219,"column":54}},"33":{"start":{"line":221,"column":4},"end":{"line":221,"column":19}},"34":{"start":{"line":225,"column":0},"end":{"line":225,"column":22}}},"branchMap":{}},"/Users/leon/code/github/ei/lib/component/ConextProvider.js":{"path":"/Users/leon/code/github/ei/lib/component/ConextProvider.js","s":{"1":1,"2":1,"3":4,"4":4,"5":4,"6":1},"b":{},"f":{"1":4,"2":4},"fnMap":{"1":{"name":"(anonymous_1)","line":52,"loc":{"start":{"line":52,"column":21},"end":{"line":52,"column":33}}},"2":{"name":"(anonymous_2)","line":65,"loc":{"start":{"line":65,"column":12},"end":{"line":65,"column":24}}}},"statementMap":{"1":{"start":{"line":8,"column":0},"end":{"line":8,"column":29}},"2":{"start":{"line":23,"column":0},"end":{"line":77,"column":3}},"3":{"start":{"line":54,"column":8},"end":{"line":56,"column":10}},"4":{"start":{"line":67,"column":8},"end":{"line":67,"column":31}},"5":{"start":{"line":69,"column":8},"end":{"line":72,"column":10}},"6":{"start":{"line":79,"column":0},"end":{"line":79,"column":33}}},"branchMap":{}},"/Users/leon/code/github/ei/lib/Context.js":{"path":"/Users/leon/code/github/ei/lib/Context.js","s":{"1":1,"2":1,"3":1,"4":20,"5":17,"6":17,"7":17,"8":17,"9":17,"10":1,"11":10,"12":1,"13":7,"14":1,"15":9,"16":9,"17":1,"18":10,"19":1,"20":9,"21":8,"22":8,"23":4,"24":8,"25":1,"26":2,"27":2,"28":2,"29":3,"30":1,"31":1,"32":1,"33":1},"b":{"1":[1,9],"2":[1,2]},"f":{"1":20,"2":10,"3":7,"4":9,"5":10,"6":2,"7":2},"fnMap":{"1":{"name":"Context","line":17,"loc":{"start":{"line":17,"column":0},"end":{"line":17,"column":40}}},"2":{"name":"(anonymous_2)","line":59,"loc":{"start":{"line":59,"column":27},"end":{"line":59,"column":52}}},"3":{"name":"(anonymous_3)","line":69,"loc":{"start":{"line":69,"column":29},"end":{"line":69,"column":41}}},"4":{"name":"(anonymous_4)","line":79,"loc":{"start":{"line":79,"column":29},"end":{"line":79,"column":46}}},"5":{"name":"(anonymous_5)","line":92,"loc":{"start":{"line":92,"column":29},"end":{"line":92,"column":47}}},"6":{"name":"(anonymous_6)","line":117,"loc":{"start":{"line":117,"column":38},"end":{"line":117,"column":57}}},"7":{"name":"(anonymous_7)","line":128,"loc":{"start":{"line":128,"column":41},"end":{"line":128,"column":60}}}},"statementMap":{"1":{"start":{"line":6,"column":0},"end":{"line":6,"column":30}},"2":{"start":{"line":8,"column":0},"end":{"line":8,"column":44}},"3":{"start":{"line":17,"column":0},"end":{"line":49,"column":1}},"4":{"start":{"line":19,"column":4},"end":{"line":19,"column":63}},"5":{"start":{"line":27,"column":4},"end":{"line":27,"column":27}},"6":{"start":{"line":35,"column":4},"end":{"line":35,"column":30}},"7":{"start":{"line":37,"column":4},"end":{"line":37,"column":48}},"8":{"start":{"line":39,"column":4},"end":{"line":39,"column":48}},"9":{"start":{"line":47,"column":4},"end":{"line":47,"column":24}},"10":{"start":{"line":59,"column":0},"end":{"line":61,"column":2}},"11":{"start":{"line":60,"column":4},"end":{"line":60,"column":39}},"12":{"start":{"line":69,"column":0},"end":{"line":71,"column":2}},"13":{"start":{"line":70,"column":4},"end":{"line":70,"column":22}},"14":{"start":{"line":79,"column":0},"end":{"line":82,"column":2}},"15":{"start":{"line":80,"column":4},"end":{"line":80,"column":23}},"16":{"start":{"line":81,"column":4},"end":{"line":81,"column":16}},"17":{"start":{"line":92,"column":0},"end":{"line":108,"column":2}},"18":{"start":{"line":94,"column":4},"end":{"line":96,"column":5}},"19":{"start":{"line":95,"column":8},"end":{"line":95,"column":52}},"20":{"start":{"line":98,"column":4},"end":{"line":98,"column":52}},"21":{"start":{"line":100,"column":4},"end":{"line":100,"column":29}},"22":{"start":{"line":102,"column":4},"end":{"line":104,"column":5}},"23":{"start":{"line":103,"column":8},"end":{"line":103,"column":23}},"24":{"start":{"line":106,"column":4},"end":{"line":106,"column":18}},"25":{"start":{"line":117,"column":0},"end":{"line":139,"column":2}},"26":{"start":{"line":118,"column":4},"end":{"line":118,"column":33}},"27":{"start":{"line":119,"column":4},"end":{"line":119,"column":16}},"28":{"start":{"line":130,"column":4},"end":{"line":135,"column":5}},"29":{"start":{"line":131,"column":8},"end":{"line":134,"column":9}},"30":{"start":{"line":132,"column":12},"end":{"line":132,"column":35}},"31":{"start":{"line":133,"column":12},"end":{"line":133,"column":24}},"32":{"start":{"line":137,"column":4},"end":{"line":137,"column":16}},"33":{"start":{"line":141,"column":0},"end":{"line":141,"column":25}}},"branchMap":{"1":{"line":94,"type":"if","locations":[{"start":{"line":94,"column":4},"end":{"line":94,"column":4}},{"start":{"line":94,"column":4},"end":{"line":94,"column":4}}]},"2":{"line":131,"type":"if","locations":[{"start":{"line":131,"column":8},"end":{"line":131,"column":8}},{"start":{"line":131,"column":8},"end":{"line":131,"column":8}}]}}},"/Users/leon/code/github/ei/lib/util/composeReducer.js":{"path":"/Users/leon/code/github/ei/lib/util/composeReducer.js","s":{"1":1,"2":1,"3":10,"4":7,"5":3,"6":2,"7":3,"8":2,"9":2,"10":2,"11":6,"12":1,"13":5,"14":4,"15":4,"16":4,"17":2,"18":1,"19":2,"20":1},"b":{"1":[7,3],"2":[1,5],"3":[4,1],"4":[2,2],"5":[1,1]},"f":{"1":10,"2":2,"3":2},"fnMap":{"1":{"name":"composeReducer","line":17,"loc":{"start":{"line":17,"column":0},"end":{"line":17,"column":34}}},"2":{"name":"(anonymous_2)","line":25,"loc":{"start":{"line":25,"column":8},"end":{"line":25,"column":41}}},"3":{"name":"(anonymous_3)","line":31,"loc":{"start":{"line":31,"column":11},"end":{"line":31,"column":36}}}},"statementMap":{"1":{"start":{"line":7,"column":0},"end":{"line":7,"column":30}},"2":{"start":{"line":17,"column":0},"end":{"line":64,"column":1}},"3":{"start":{"line":19,"column":4},"end":{"line":21,"column":5}},"4":{"start":{"line":20,"column":8},"end":{"line":20,"column":24}},"5":{"start":{"line":23,"column":4},"end":{"line":29,"column":6}},"6":{"start":{"line":26,"column":12},"end":{"line":26,"column":54}},"7":{"start":{"line":31,"column":4},"end":{"line":62,"column":6}},"8":{"start":{"line":33,"column":8},"end":{"line":33,"column":30}},"9":{"start":{"line":34,"column":8},"end":{"line":34,"column":27}},"10":{"start":{"line":37,"column":8},"end":{"line":58,"column":9}},"11":{"start":{"line":39,"column":12},"end":{"line":41,"column":13}},"12":{"start":{"line":40,"column":16},"end":{"line":40,"column":25}},"13":{"start":{"line":43,"column":12},"end":{"line":55,"column":13}},"14":{"start":{"line":45,"column":16},"end":{"line":45,"column":40}},"15":{"start":{"line":46,"column":16},"end":{"line":46,"column":80}},"16":{"start":{"line":48,"column":16},"end":{"line":50,"column":17}},"17":{"start":{"line":49,"column":20},"end":{"line":49,"column":37}},"18":{"start":{"line":54,"column":16},"end":{"line":54,"column":46}},"19":{"start":{"line":60,"column":8},"end":{"line":60,"column":45}},"20":{"start":{"line":66,"column":0},"end":{"line":66,"column":32}}},"branchMap":{"1":{"line":19,"type":"if","locations":[{"start":{"line":19,"column":4},"end":{"line":19,"column":4}},{"start":{"line":19,"column":4},"end":{"line":19,"column":4}}]},"2":{"line":39,"type":"if","locations":[{"start":{"line":39,"column":12},"end":{"line":39,"column":12}},{"start":{"line":39,"column":12},"end":{"line":39,"column":12}}]},"3":{"line":43,"type":"if","locations":[{"start":{"line":43,"column":12},"end":{"line":43,"column":12}},{"start":{"line":43,"column":12},"end":{"line":43,"column":12}}]},"4":{"line":48,"type":"if","locations":[{"start":{"line":48,"column":16},"end":{"line":48,"column":16}},{"start":{"line":48,"column":16},"end":{"line":48,"column":16}}]},"5":{"line":60,"type":"cond-expr","locations":[{"start":{"line":60,"column":27},"end":{"line":60,"column":36}},{"start":{"line":60,"column":39},"end":{"line":60,"column":44}}]}}},"/Users/leon/code/github/ei/lib/util/connect.js":{"path":"/Users/leon/code/github/ei/lib/util/connect.js","s":{"1":1,"2":1,"3":1,"4":1,"5":1,"6":1,"7":2,"8":2,"9":2,"10":2,"11":2,"12":1},"b":{"1":[1,1]},"f":{"1":2,"2":2,"3":2},"fnMap":{"1":{"name":"connect","line":28,"loc":{"start":{"line":28,"column":0},"end":{"line":28,"column":47}}},"2":{"name":"(anonymous_2)","line":36,"loc":{"start":{"line":36,"column":16},"end":{"line":36,"column":28}}},"3":{"name":"(anonymous_3)","line":48,"loc":{"start":{"line":48,"column":16},"end":{"line":48,"column":43}}}},"statementMap":{"1":{"start":{"line":12,"column":0},"end":{"line":12,"column":29}},"2":{"start":{"line":13,"column":0},"end":{"line":13,"column":30}},"3":{"start":{"line":15,"column":0},"end":{"line":15,"column":64}},"4":{"start":{"line":16,"column":0},"end":{"line":16,"column":43}},"5":{"start":{"line":17,"column":0},"end":{"line":17,"column":47}},"6":{"start":{"line":28,"column":0},"end":{"line":68,"column":1}},"7":{"start":{"line":30,"column":4},"end":{"line":64,"column":7}},"8":{"start":{"line":38,"column":12},"end":{"line":38,"column":35}},"9":{"start":{"line":40,"column":12},"end":{"line":60,"column":14}},"10":{"start":{"line":49,"column":20},"end":{"line":57,"column":22}},"11":{"start":{"line":66,"column":4},"end":{"line":66,"column":24}},"12":{"start":{"line":70,"column":0},"end":{"line":70,"column":25}}},"branchMap":{"1":{"line":55,"type":"cond-expr","locations":[{"start":{"line":55,"column":38},"end":{"line":55,"column":68}},{"start":{"line":55,"column":71},"end":{"line":55,"column":75}}]}}},"/Users/leon/code/github/ei/lib/component/ContextConnector.js":{"path":"/Users/leon/code/github/ei/lib/component/ContextConnector.js","s":{"1":1,"2":1,"3":3,"4":3,"5":0,"6":0,"7":0,"8":0,"9":3,"10":1},"b":{},"f":{"1":3,"2":3,"3":0,"4":0,"5":0,"6":0,"7":3},"fnMap":{"1":{"name":"(anonymous_1)","line":29,"loc":{"start":{"line":29,"column":24},"end":{"line":29,"column":36}}},"2":{"name":"(anonymous_2)","line":33,"loc":{"start":{"line":33,"column":21},"end":{"line":33,"column":33}}},"3":{"name":"(anonymous_3)","line":39,"loc":{"start":{"line":39,"column":23},"end":{"line":39,"column":35}}},"4":{"name":"(anonymous_4)","line":43,"loc":{"start":{"line":43,"column":26},"end":{"line":43,"column":38}}},"5":{"name":"(anonymous_5)","line":47,"loc":{"start":{"line":47,"column":27},"end":{"line":47,"column":59}}},"6":{"name":"(anonymous_6)","line":51,"loc":{"start":{"line":51,"column":19},"end":{"line":51,"column":31}}},"7":{"name":"(anonymous_7)","line":57,"loc":{"start":{"line":57,"column":12},"end":{"line":57,"column":24}}}},"statementMap":{"1":{"start":{"line":7,"column":0},"end":{"line":7,"column":29}},"2":{"start":{"line":16,"column":0},"end":{"line":63,"column":3}},"3":{"start":{"line":30,"column":8},"end":{"line":30,"column":56}},"4":{"start":{"line":34,"column":8},"end":{"line":36,"column":10}},"5":{"start":{"line":40,"column":8},"end":{"line":40,"column":62}},"6":{"start":{"line":44,"column":8},"end":{"line":44,"column":65}},"7":{"start":{"line":48,"column":8},"end":{"line":48,"column":45}},"8":{"start":{"line":52,"column":8},"end":{"line":54,"column":11}},"9":{"start":{"line":59,"column":8},"end":{"line":59,"column":78}},"10":{"start":{"line":65,"column":0},"end":{"line":65,"column":34}}},"branchMap":{}},"/Users/leon/code/github/ei/lib/util/bindActions.js":{"path":"/Users/leon/code/github/ei/lib/util/bindActions.js","s":{"1":1,"2":1,"3":1,"4":4,"5":2,"6":2,"7":3,"8":2,"9":2,"10":1,"11":1},"b":{},"f":{"1":4,"2":3,"3":2},"fnMap":{"1":{"name":"bindActions","line":18,"loc":{"start":{"line":18,"column":0},"end":{"line":18,"column":40}}},"2":{"name":"(anonymous_2)","line":25,"loc":{"start":{"line":25,"column":8},"end":{"line":25,"column":39}}},"3":{"name":"(anonymous_3)","line":27,"loc":{"start":{"line":27,"column":19},"end":{"line":27,"column":31}}}},"statementMap":{"1":{"start":{"line":6,"column":0},"end":{"line":6,"column":30}},"2":{"start":{"line":8,"column":0},"end":{"line":8,"column":39}},"3":{"start":{"line":18,"column":0},"end":{"line":39,"column":1}},"4":{"start":{"line":20,"column":4},"end":{"line":20,"column":45}},"5":{"start":{"line":21,"column":4},"end":{"line":21,"column":41}},"6":{"start":{"line":23,"column":4},"end":{"line":37,"column":6}},"7":{"start":{"line":27,"column":12},"end":{"line":34,"column":14}},"8":{"start":{"line":29,"column":16},"end":{"line":29,"column":60}},"9":{"start":{"line":31,"column":16},"end":{"line":31,"column":82}},"10":{"start":{"line":33,"column":16},"end":{"line":33,"column":40}},"11":{"start":{"line":41,"column":0},"end":{"line":41,"column":29}}},"branchMap":{}},"/Users/leon/code/github/ei/lib/util/bindSelectors.js":{"path":"/Users/leon/code/github/ei/lib/util/bindSelectors.js","s":{"1":1,"2":1,"3":1,"4":12,"5":11,"6":10,"7":1,"8":2,"9":1,"10":1,"11":2,"12":4,"13":1,"14":1},"b":{"1":[1,2,1,2,4,1],"2":[3,1]},"f":{"1":12,"2":11,"3":1},"fnMap":{"1":{"name":"bindSelectors","line":18,"loc":{"start":{"line":18,"column":0},"end":{"line":18,"column":34}}},"2":{"name":"(anonymous_2)","line":20,"loc":{"start":{"line":20,"column":11},"end":{"line":20,"column":28}}},"3":{"name":"(anonymous_3)","line":36,"loc":{"start":{"line":36,"column":24},"end":{"line":36,"column":56}}}},"statementMap":{"1":{"start":{"line":6,"column":0},"end":{"line":6,"column":30}},"2":{"start":{"line":8,"column":0},"end":{"line":8,"column":39}},"3":{"start":{"line":18,"column":0},"end":{"line":61,"column":1}},"4":{"start":{"line":20,"column":4},"end":{"line":57,"column":6}},"5":{"start":{"line":22,"column":8},"end":{"line":22,"column":39}},"6":{"start":{"line":24,"column":8},"end":{"line":55,"column":9}},"7":{"start":{"line":28,"column":16},"end":{"line":28,"column":40}},"8":{"start":{"line":32,"column":16},"end":{"line":42,"column":29}},"9":{"start":{"line":37,"column":28},"end":{"line":37,"column":63}},"10":{"start":{"line":38,"column":28},"end":{"line":38,"column":42}},"11":{"start":{"line":46,"column":16},"end":{"line":46,"column":40}},"12":{"start":{"line":50,"column":16},"end":{"line":50,"column":46}},"13":{"start":{"line":53,"column":16},"end":{"line":53,"column":26}},"14":{"start":{"line":63,"column":0},"end":{"line":63,"column":31}}},"branchMap":{"1":{"line":24,"type":"switch","locations":[{"start":{"line":26,"column":12},"end":{"line":28,"column":40}},{"start":{"line":30,"column":12},"end":{"line":42,"column":29}},{"start":{"line":44,"column":12},"end":{"line":44,"column":26}},{"start":{"line":44,"column":27},"end":{"line":46,"column":40}},{"start":{"line":48,"column":12},"end":{"line":50,"column":46}},{"start":{"line":52,"column":12},"end":{"line":53,"column":26}}]},"2":{"line":50,"type":"cond-expr","locations":[{"start":{"line":50,"column":35},"end":{"line":50,"column":40}},{"start":{"line":50,"column":43},"end":{"line":50,"column":45}}]}}}}