TN:
SF:/Users/leon/code/github/ei/lib/ActionCreator.js
FN:25,createFactory
FN:27,ActionCreator
FN:56,(anonymous_3)
FN:72,(anonymous_4)
FNF:4
FNH:4
FNDA:3,createFactory
FNDA:2,ActionCreator
FNDA:3,(anonymous_3)
FNDA:1,(anonymous_4)
DA:9,1
DA:11,1
DA:12,1
DA:25,1
DA:27,1
DA:29,2
DA:31,2
DA:33,2
DA:38,3
DA:40,3
DA:42,3
DA:56,1
DA:58,3
DA:59,0
DA:63,3
DA:72,1
DA:73,1
LF:17
LH:16
BRDA:29,1,0,1
BRDA:29,1,1,1
BRDA:58,2,0,0
BRDA:58,2,1,3
BRDA:73,3,0,1
BRDA:73,3,1,1
BRF:6
BRH:5
end_of_record
TN:
SF:/Users/leon/code/github/ei/lib/App.js
FN:23,App
FN:55,(anonymous_2)
FN:84,(anonymous_3)
FN:109,(anonymous_4)
FN:121,(anonymous_5)
FN:165,(anonymous_6)
FN:188,(anonymous_7)
FN:200,(anonymous_8)
FN:242,(anonymous_9)
FN:258,(anonymous_10)
FN:276,(anonymous_11)
FN:303,(anonymous_12)
FN:339,(anonymous_13)
FN:346,(anonymous_14)
FN:348,(anonymous_15)
FN:369,(anonymous_16)
FNF:16
FNH:9
FNDA:9,App
FNDA:0,(anonymous_2)
FNDA:0,(anonymous_3)
FNDA:0,(anonymous_4)
FNDA:0,(anonymous_5)
FNDA:4,(anonymous_6)
FNDA:3,(anonymous_7)
FNDA:3,(anonymous_8)
FNDA:1,(anonymous_9)
FNDA:1,(anonymous_10)
FNDA:5,(anonymous_11)
FNDA:4,(anonymous_12)
FNDA:0,(anonymous_13)
FNDA:0,(anonymous_14)
FNDA:0,(anonymous_15)
FNDA:6,(anonymous_16)
DA:6,1
DA:7,1
DA:9,1
DA:10,1
DA:11,1
DA:12,1
DA:13,1
DA:14,1
DA:23,1
DA:25,9
DA:26,8
DA:28,7
DA:35,7
DA:55,1
DA:57,0
DA:62,0
DA:65,0
DA:67,0
DA:69,0
DA:70,0
DA:72,0
DA:87,0
DA:89,0
DA:94,0
DA:109,1
DA:111,0
DA:116,0
DA:119,0
DA:129,0
DA:130,0
DA:134,0
DA:136,0
DA:141,0
DA:165,1
DA:170,4
DA:172,4
DA:174,4
DA:175,1
DA:180,3
DA:182,3
DA:194,3
DA:195,3
DA:204,3
DA:209,1
DA:211,1
DA:221,2
DA:226,2
DA:229,2
DA:234,1
DA:236,1
DA:243,1
DA:244,1
DA:258,1
DA:259,1
DA:260,1
DA:276,1
DA:278,5
DA:280,5
DA:285,1
DA:287,1
DA:290,4
DA:303,1
DA:308,4
DA:310,4
DA:312,4
DA:314,4
DA:316,4
DA:318,4
DA:320,4
DA:321,4
DA:324,4
DA:326,4
DA:339,1
DA:344,0
DA:346,0
DA:348,0
DA:349,0
DA:369,1
DA:374,6
DA:376,6
DA:378,6
DA:383,4
DA:391,2
DA:394,6
DA:398,1
LF:85
LH:63
BRDA:72,1,0,0
BRDA:72,1,1,0
BRDA:129,2,0,0
BRDA:129,2,1,0
BRDA:174,3,0,1
BRDA:174,3,1,3
BRDA:204,4,0,1
BRDA:204,4,1,2
BRDA:204,5,0,3
BRDA:204,5,1,3
BRDA:280,6,0,1
BRDA:280,6,1,4
BRDA:280,7,0,5
BRDA:280,7,1,1
BRDA:290,8,0,4
BRDA:290,8,1,0
BRDA:320,9,0,4
BRDA:320,9,1,0
BRDA:378,10,0,4
BRDA:378,10,1,2
BRF:20
BRH:14
end_of_record
TN:
SF:/Users/leon/code/github/ei/lib/util/invariant.js
FN:33,(anonymous_1)
FN:51,(anonymous_2)
FNF:2
FNH:2
FNDA:91,(anonymous_1)
FNDA:2,(anonymous_2)
DA:33,1
DA:35,91
DA:36,76
DA:39,15
DA:40,1
DA:46,14
DA:47,14
DA:49,14
DA:52,2
DA:55,14
DA:61,1
LF:11
LH:11
BRDA:35,1,0,76
BRDA:35,1,1,15
BRDA:39,2,0,1
BRDA:39,2,1,14
BRF:4
BRH:4
end_of_record
TN:
SF:/Users/leon/code/github/ei/lib/locator.js
FN:23,isHistorySupported
FN:36,(anonymous_2)
FN:52,(anonymous_3)
FN:70,(anonymous_4)
FN:105,onHistoryChange
FNF:5
FNH:5
FNDA:2,isHistorySupported
FNDA:2,(anonymous_2)
FNDA:1,(anonymous_3)
FNDA:3,(anonymous_4)
FNDA:1,onHistoryChange
DA:11,1
DA:12,1
DA:13,1
DA:14,1
DA:15,1
DA:23,1
DA:24,2
DA:27,1
DA:38,2
DA:40,2
DA:54,1
DA:56,1
DA:72,3
DA:74,2
DA:76,2
DA:78,1
DA:80,1
DA:86,1
DA:88,1
DA:92,1
DA:105,1
DA:107,1
DA:109,1
DA:113,1
LF:24
LH:24
BRDA:76,1,0,1
BRDA:76,1,1,1
BRF:2
BRH:2
end_of_record
TN:
SF:/Users/leon/code/github/ei/lib/events.js
FNF:0
FNH:0
DA:7,1
DA:9,1
DA:11,1
LF:3
LH:3
BRF:0
BRH:0
end_of_record
TN:
SF:/Users/leon/code/github/ei/lib/Emitter.js
FN:16,Emitter
FN:30,(anonymous_2)
FN:57,(anonymous_3)
FN:101,(anonymous_4)
FN:105,(anonymous_5)
FN:125,(anonymous_6)
FN:163,(anonymous_7)
FN:173,(anonymous_8)
FN:208,(anonymous_9)
FNF:9
FNH:9
FNDA:8,Emitter
FNDA:14,(anonymous_2)
FNDA:7,(anonymous_3)
FNDA:1,(anonymous_4)
FNDA:1,(anonymous_5)
FNDA:44,(anonymous_6)
FNDA:1,(anonymous_7)
FNDA:1,(anonymous_8)
FNDA:4,(anonymous_9)
DA:6,1
DA:7,1
DA:9,1
DA:16,1
DA:20,1
DA:32,14
DA:34,14
DA:35,9
DA:38,14
DA:40,14
DA:41,10
DA:44,14
DA:46,14
DA:59,7
DA:61,7
DA:62,1
DA:65,6
DA:66,1
DA:69,5
DA:71,5
DA:72,1
DA:76,4
DA:77,1
DA:78,1
DA:79,1
DA:83,3
DA:84,3
DA:85,2
DA:86,2
DA:90,1
DA:103,1
DA:105,1
DA:106,1
DA:107,1
DA:110,1
DA:112,1
DA:127,44
DA:130,44
DA:131,34
DA:135,10
DA:138,10
DA:139,2
DA:142,8
DA:144,8
DA:145,9
DA:151,8
DA:153,8
DA:164,1
DA:175,1
DA:177,1
DA:179,1
DA:180,2
DA:181,2
DA:182,2
DA:186,1
DA:190,1
DA:196,1
DA:208,1
DA:210,4
DA:211,1
DA:214,4
DA:218,1
LF:62
LH:62
BRDA:34,1,0,9
BRDA:34,1,1,5
BRDA:40,2,0,10
BRDA:40,2,1,4
BRDA:61,3,0,1
BRDA:61,3,1,6
BRDA:65,4,0,1
BRDA:65,4,1,5
BRDA:71,5,0,1
BRDA:71,5,1,4
BRDA:71,6,0,5
BRDA:71,6,1,4
BRDA:76,7,0,1
BRDA:76,7,1,3
BRDA:84,8,0,2
BRDA:84,8,1,1
BRDA:130,9,0,34
BRDA:130,9,1,10
BRDA:135,10,0,10
BRDA:135,10,1,1
BRDA:135,11,0,10
BRDA:135,11,1,9
BRDA:138,12,0,2
BRDA:138,12,1,8
BRDA:177,13,0,1
BRDA:177,13,1,0
BRDA:180,14,0,2
BRDA:180,14,1,0
BRDA:210,15,0,1
BRDA:210,15,1,3
BRF:30
BRH:28
end_of_record
TN:
SF:/Users/leon/code/github/ei/lib/env.js
FNF:0
FNH:0
DA:8,1
DA:15,1
DA:27,1
LF:3
LH:3
BRDA:15,1,0,1
BRDA:15,1,1,1
BRF:2
BRH:2
end_of_record
TN:
SF:/Users/leon/code/github/ei/lib/url.js
FN:25,parseQuery
FN:35,(anonymous_2)
FN:82,(anonymous_3)
FN:126,(anonymous_4)
FN:133,(anonymous_5)
FNF:5
FNH:5
FNDA:7,parseQuery
FNDA:12,(anonymous_2)
FNDA:7,(anonymous_3)
FNDA:3,(anonymous_4)
FNDA:4,(anonymous_5)
DA:8,1
DA:10,1
DA:25,1
DA:27,7
DA:29,7
DA:30,1
DA:33,6
DA:37,12
DA:39,12
DA:40,12
DA:43,12
DA:44,11
DA:45,11
DA:49,1
DA:50,1
DA:54,12
DA:56,12
DA:58,2
DA:59,2
DA:61,1
DA:62,1
DA:64,9
DA:67,12
DA:82,1
DA:84,7
DA:86,7
DA:88,7
DA:89,7
DA:90,7
DA:93,7
DA:94,28
DA:96,28
DA:98,28
DA:99,13
DA:100,13
DA:105,7
DA:106,1
DA:109,7
DA:110,6
DA:113,7
DA:115,7
DA:126,1
DA:128,3
DA:134,4
LF:44
LH:44
BRDA:29,1,0,1
BRDA:29,1,1,6
BRDA:43,2,0,11
BRDA:43,2,1,1
BRDA:56,3,0,2
BRDA:56,3,1,1
BRDA:56,3,2,9
BRDA:88,4,0,7
BRDA:88,4,1,0
BRDA:98,5,0,13
BRDA:98,5,1,15
BRDA:105,6,0,1
BRDA:105,6,1,6
BRDA:109,7,0,6
BRDA:109,7,1,1
BRF:15
BRH:14
end_of_record
TN:
SF:/Users/leon/code/github/ei/lib/Router.js
FN:13,Router
FN:25,(anonymous_2)
FN:45,(anonymous_3)
FNF:3
FNH:3
FNDA:10,Router
FNDA:9,(anonymous_2)
FNDA:1,(anonymous_3)
DA:13,1
DA:15,10
DA:25,1
DA:27,9
DA:29,9
DA:31,9
DA:32,6
DA:45,1
DA:47,1
DA:49,1
DA:53,1
LF:11
LH:11
BRDA:15,1,0,10
BRDA:15,1,1,2
BRDA:31,2,0,6
BRDA:31,2,1,3
BRF:4
BRH:4
end_of_record
TN:
SF:/Users/leon/code/github/ei/lib/Page.js
FN:25,Page
FN:58,(anonymous_2)
FN:76,(anonymous_3)
FN:85,(anonymous_4)
FN:103,(anonymous_5)
FN:117,(anonymous_6)
FN:130,(anonymous_7)
FN:147,(anonymous_8)
FN:178,(anonymous_9)
FN:187,(anonymous_10)
FN:207,(anonymous_11)
FN:215,SubPage
FNF:12
FNH:10
FNDA:6,Page
FNDA:2,(anonymous_2)
FNDA:2,(anonymous_3)
FNDA:2,(anonymous_4)
FNDA:0,(anonymous_5)
FNDA:2,(anonymous_6)
FNDA:2,(anonymous_7)
FNDA:3,(anonymous_8)
FNDA:3,(anonymous_9)
FNDA:0,(anonymous_10)
FNDA:9,(anonymous_11)
FNDA:6,SubPage
DA:9,1
DA:10,1
DA:12,1
DA:13,1
DA:14,1
DA:15,1
DA:17,1
DA:25,1
DA:27,6
DA:35,1
DA:60,2
DA:65,1
DA:78,2
DA:80,2
DA:86,2
DA:105,0
DA:107,0
DA:118,2
DA:131,2
DA:153,3
DA:155,3
DA:157,2
DA:179,3
DA:192,0
DA:196,0
DA:207,1
DA:209,9
DA:211,8
DA:213,7
DA:215,1
DA:216,6
DA:219,7
DA:221,7
DA:225,1
LF:34
LH:30
BRF:0
BRH:0
end_of_record
TN:
SF:/Users/leon/code/github/ei/lib/component/ConextProvider.js
FN:52,(anonymous_1)
FN:65,(anonymous_2)
FNF:2
FNH:2
FNDA:4,(anonymous_1)
FNDA:4,(anonymous_2)
DA:8,1
DA:23,1
DA:54,4
DA:67,4
DA:69,4
DA:79,1
LF:6
LH:6
BRF:0
BRH:0
end_of_record
TN:
SF:/Users/leon/code/github/ei/lib/Context.js
FN:17,Context
FN:59,(anonymous_2)
FN:69,(anonymous_3)
FN:79,(anonymous_4)
FN:92,(anonymous_5)
FN:117,(anonymous_6)
FN:128,(anonymous_7)
FNF:7
FNH:7
FNDA:20,Context
FNDA:10,(anonymous_2)
FNDA:7,(anonymous_3)
FNDA:9,(anonymous_4)
FNDA:10,(anonymous_5)
FNDA:2,(anonymous_6)
FNDA:2,(anonymous_7)
DA:6,1
DA:8,1
DA:17,1
DA:19,20
DA:27,17
DA:35,17
DA:37,17
DA:39,17
DA:47,17
DA:59,1
DA:60,10
DA:69,1
DA:70,7
DA:79,1
DA:80,9
DA:81,9
DA:92,1
DA:94,10
DA:95,1
DA:98,9
DA:100,8
DA:102,8
DA:103,4
DA:106,8
DA:117,1
DA:118,2
DA:119,2
DA:130,2
DA:131,3
DA:132,1
DA:133,1
DA:137,1
DA:141,1
LF:33
LH:33
BRDA:94,1,0,1
BRDA:94,1,1,9
BRDA:131,2,0,1
BRDA:131,2,1,2
BRF:4
BRH:4
end_of_record
TN:
SF:/Users/leon/code/github/ei/lib/util/composeReducer.js
FN:17,composeReducer
FN:25,(anonymous_2)
FN:31,(anonymous_3)
FNF:3
FNH:3
FNDA:10,composeReducer
FNDA:2,(anonymous_2)
FNDA:2,(anonymous_3)
DA:7,1
DA:17,1
DA:19,10
DA:20,7
DA:23,3
DA:26,2
DA:31,3
DA:33,2
DA:34,2
DA:37,2
DA:39,6
DA:40,1
DA:43,5
DA:45,4
DA:46,4
DA:48,4
DA:49,2
DA:54,1
DA:60,2
DA:66,1
LF:20
LH:20
BRDA:19,1,0,7
BRDA:19,1,1,3
BRDA:39,2,0,1
BRDA:39,2,1,5
BRDA:43,3,0,4
BRDA:43,3,1,1
BRDA:48,4,0,2
BRDA:48,4,1,2
BRDA:60,5,0,1
BRDA:60,5,1,1
BRF:10
BRH:10
end_of_record
TN:
SF:/Users/leon/code/github/ei/lib/util/connect.js
FN:28,connect
FN:36,(anonymous_2)
FN:48,(anonymous_3)
FNF:3
FNH:3
FNDA:2,connect
FNDA:2,(anonymous_2)
FNDA:2,(anonymous_3)
DA:12,1
DA:13,1
DA:15,1
DA:16,1
DA:17,1
DA:28,1
DA:30,2
DA:38,2
DA:40,2
DA:49,2
DA:66,2
DA:70,1
LF:12
LH:12
BRDA:55,1,0,1
BRDA:55,1,1,1
BRF:2
BRH:2
end_of_record
TN:
SF:/Users/leon/code/github/ei/lib/component/ContextConnector.js
FN:29,(anonymous_1)
FN:33,(anonymous_2)
FN:39,(anonymous_3)
FN:43,(anonymous_4)
FN:47,(anonymous_5)
FN:51,(anonymous_6)
FN:57,(anonymous_7)
FNF:7
FNH:3
FNDA:3,(anonymous_1)
FNDA:3,(anonymous_2)
FNDA:0,(anonymous_3)
FNDA:0,(anonymous_4)
FNDA:0,(anonymous_5)
FNDA:0,(anonymous_6)
FNDA:3,(anonymous_7)
DA:7,1
DA:16,1
DA:30,3
DA:34,3
DA:40,0
DA:44,0
DA:48,0
DA:52,0
DA:59,3
DA:65,1
LF:10
LH:6
BRF:0
BRH:0
end_of_record
TN:
SF:/Users/leon/code/github/ei/lib/util/bindActions.js
FN:18,bindActions
FN:25,(anonymous_2)
FN:27,(anonymous_3)
FNF:3
FNH:3
FNDA:4,bindActions
FNDA:3,(anonymous_2)
FNDA:2,(anonymous_3)
DA:6,1
DA:8,1
DA:18,1
DA:20,4
DA:21,2
DA:23,2
DA:27,3
DA:29,2
DA:31,2
DA:33,1
DA:41,1
LF:11
LH:11
BRF:0
BRH:0
end_of_record
TN:
SF:/Users/leon/code/github/ei/lib/util/bindSelectors.js
FN:18,bindSelectors
FN:20,(anonymous_2)
FN:36,(anonymous_3)
FNF:3
FNH:3
FNDA:12,bindSelectors
FNDA:11,(anonymous_2)
FNDA:1,(anonymous_3)
DA:6,1
DA:8,1
DA:18,1
DA:20,12
DA:22,11
DA:24,10
DA:28,1
DA:32,2
DA:37,1
DA:38,1
DA:46,2
DA:50,4
DA:53,1
DA:63,1
LF:14
LH:14
BRDA:24,1,0,1
BRDA:24,1,1,2
BRDA:24,1,2,1
BRDA:24,1,3,2
BRDA:24,1,4,4
BRDA:24,1,5,1
BRDA:50,2,0,3
BRDA:50,2,1,1
BRF:8
BRH:8
end_of_record
